<?xml version="1.0" encoding="UTF-8"?>
<testsuite name="com.example.elasticapi.ElasticApiApplicationTests" tests="1" skipped="0" failures="0" errors="0" timestamp="2025-01-20T07:42:20" hostname="V1-0087" time="2.038">
  <properties/>
  <testcase name="contextLoads()" classname="com.example.elasticapi.ElasticApiApplicationTests" time="2.038"/>
  <system-out><![CDATA[11:42:15.358 [Test worker] INFO org.springframework.test.context.support.AnnotationConfigContextLoaderUtils -- Could not detect default configuration classes for test class [com.example.elasticapi.ElasticApiApplicationTests]: ElasticApiApplicationTests does not declare any static, non-private, non-final, nested classes annotated with @Configuration.
11:42:15.638 [Test worker] INFO org.springframework.boot.test.context.SpringBootTestContextBootstrapper -- Found @SpringBootConfiguration com.example.elasticapi.ElasticApiApplication for test class com.example.elasticapi.ElasticApiApplicationTests

  .   ____          _            __ _ _
 /\\ / ___'_ __ _ _(_)_ __  __ _ \ \ \ \
( ( )\___ | '_ | '_| | '_ \/ _` | \ \ \ \
 \\/  ___)| |_)| | | | | || (_| |  ) ) ) )
  '  |____| .__|_| |_|_| |_\__, | / / / /
 =========|_|==============|___/=/_/_/_/

 :: Spring Boot ::                (v3.4.1)

2025-01-20T11:42:16.825+04:00  INFO 24628 --- [ElasticApi] [    Test worker] c.e.e.ElasticApiApplicationTests         : Starting ElasticApiApplicationTests using Java 23.0.1 with PID 24628 (started by mmallikanti in C:\Users\mmallikanti\Documents\GitHub\sparkelk_m\ElasticApi)
2025-01-20T11:42:16.827+04:00  INFO 24628 --- [ElasticApi] [    Test worker] c.e.e.ElasticApiApplicationTests         : No active profile set, falling back to 1 default profile: "default"
2025-01-20T11:42:18.045+04:00  INFO 24628 --- [ElasticApi] [    Test worker] .s.d.r.c.RepositoryConfigurationDelegate : Bootstrapping Spring Data Elasticsearch repositories in DEFAULT mode.
2025-01-20T11:42:18.082+04:00  INFO 24628 --- [ElasticApi] [    Test worker] .s.d.r.c.RepositoryConfigurationDelegate : Finished Spring Data repository scanning in 24 ms. Found 0 Elasticsearch repository interfaces.
2025-01-20T11:42:20.592+04:00  INFO 24628 --- [ElasticApi] [    Test worker] c.e.e.ElasticApiApplicationTests         : Started ElasticApiApplicationTests in 4.499 seconds (process running for 8.478)
]]></system-out>
  <system-err><![CDATA[Mockito is currently self-attaching to enable the inline-mock-maker. This will no longer work in future releases of the JDK. Please add Mockito as an agent to your build what is described in Mockito's documentation: https://javadoc.io/doc/org.mockito/mockito-core/latest/org/mockito/Mockito.html#0.3
WARNING: A Java agent has been loaded dynamically (C:\Users\mmallikanti\.gradle\caches\modules-2\files-2.1\net.bytebuddy\byte-buddy-agent\1.15.11\a38b16385e867f59a641330f0362ebe742788ed8\byte-buddy-agent-1.15.11.jar)
WARNING: If a serviceability tool is in use, please run with -XX:+EnableDynamicAgentLoading to hide this warning
WARNING: If a serviceability tool is not in use, please run with -Djdk.instrument.traceUsage for more information
WARNING: Dynamic loading of agents will be disallowed by default in a future release
]]></system-err>
</testsuite>
